2024-01-13 00:25:22,919 - INFO - Endpoint /qomplnt/qomplntqr executed in 0.13375 seconds
2024-01-13 00:29:15,946 - INFO - Endpoint /qomplnt/city executed in 0.18452 seconds
2024-01-13 00:30:04,316 - INFO - Endpoint /user/ executed in 0.03558 seconds
2024-01-13 09:05:35,829 - INFO - Endpoint /qomplnt/b2btenant executed in 0.07979 seconds
2024-01-13 09:31:49,098 - INFO - Endpoint /qomplnt/b2btenant executed in 1.48748 seconds
2024-01-13 09:42:04,887 - INFO - Endpoint /qomplnt/b2btenant executed in 0.87154 seconds
2024-01-13 20:56:47,166 - INFO - Endpoint /qomplnt/b2btenant executed in 2.93517 seconds
2024-01-13 20:57:05,472 - INFO - Endpoint /qomplnt/b2btenant executed in 0.01895 seconds
2024-01-14 19:27:14,769 - INFO - Endpoint /docs executed in 0.00105 seconds
2024-01-14 19:27:16,501 - INFO - Endpoint /docs executed in 0.00099 seconds
2024-01-14 19:27:19,066 - INFO - Endpoint /openapi.json executed in 0.11469 seconds
2024-01-14 19:27:33,861 - INFO - Endpoint /qomplnt/b2btenant executed in 0.37661 seconds
2024-01-14 19:51:10,797 - INFO - Endpoint /qomplnt/b2btenant executed in 0.07079 seconds
2024-01-14 21:38:02,121 - INFO - Endpoint /qomplnt/b2btenant executed in 0.13478 seconds
2024-01-14 21:39:35,912 - INFO - Endpoint /qomplnt/b2btenant executed in 0.00598 seconds
2024-01-14 21:39:53,809 - INFO - Endpoint /qomplnt/b2btenant executed in 0.04428 seconds
2024-01-14 21:54:13,470 - INFO - Endpoint /qomplnt/qomplntqr executed in 0.12676 seconds
2024-01-14 21:54:56,705 - INFO - Endpoint /qomplnt/qomplntqr executed in 0.01596 seconds
2024-01-14 21:55:02,474 - INFO - Endpoint /qomplnt/qomplntqr executed in 0.01197 seconds
2024-01-14 21:55:11,805 - INFO - Endpoint /qomplnt/qomplntqr executed in 0.01197 seconds
2024-01-14 21:56:05,199 - INFO - Endpoint /qomplnt/qomplntqr executed in 0.01396 seconds
2024-01-14 21:56:27,354 - INFO - Endpoint /docs executed in 0.00096 seconds
2024-01-14 21:56:29,590 - INFO - Endpoint /openapi.json executed in 0.08102 seconds
2024-01-14 21:56:47,893 - INFO - Endpoint /qomplnt/qomplntqr executed in 0.01596 seconds
2024-01-14 21:57:03,602 - INFO - Endpoint /qomplnt/qomplntqr executed in 0.01496 seconds
2024-01-14 21:58:29,221 - INFO - Endpoint /qomplnt/qomplntqr executed in 0.01496 seconds
2024-01-14 21:58:44,715 - INFO - Endpoint /qomplnt/qomplntqr executed in 0.11281 seconds
2024-01-14 21:58:51,701 - INFO - Endpoint /qomplnt/qomplntqr executed in 0.01895 seconds
2024-01-14 21:58:54,924 - INFO - Endpoint /qomplnt/qomplntqr executed in 0.01650 seconds
2024-01-14 21:59:01,939 - INFO - Endpoint /qomplnt/qomplntqr executed in 0.01596 seconds
2024-01-14 21:59:03,030 - INFO - Endpoint /qomplnt/qomplntqr executed in 0.01396 seconds
2024-01-14 21:59:03,939 - INFO - Endpoint /qomplnt/qomplntqr executed in 0.01996 seconds
2024-01-14 21:59:04,724 - INFO - Endpoint /qomplnt/qomplntqr executed in 0.01696 seconds
2024-01-14 21:59:05,540 - INFO - Endpoint /qomplnt/qomplntqr executed in 0.01497 seconds
2024-01-14 21:59:06,292 - INFO - Endpoint /qomplnt/qomplntqr executed in 0.01397 seconds
2024-01-14 21:59:07,056 - INFO - Endpoint /qomplnt/qomplntqr executed in 0.01596 seconds
2024-01-14 21:59:07,807 - INFO - Endpoint /qomplnt/qomplntqr executed in 0.01695 seconds
2024-01-14 21:59:12,619 - INFO - Endpoint /docs executed in 0.00101 seconds
2024-01-14 21:59:13,732 - INFO - Endpoint /openapi.json executed in 0.06084 seconds
2024-01-14 21:59:35,351 - INFO - Endpoint /qomplnt/qomplntqr executed in 0.05418 seconds
2024-01-14 22:05:00,872 - INFO - Endpoint /qomplnt/qomplntqr executed in 0.12410 seconds
2024-01-14 22:06:02,884 - INFO - Endpoint /qomplnt/qomplntqr executed in 0.01212 seconds
2024-01-14 22:06:12,023 - INFO - Endpoint /qomplnt/qomplntqr executed in 0.01397 seconds
2024-01-14 22:06:24,362 - INFO - Endpoint /qomplnt/qomplntqr executed in 0.01696 seconds
2024-01-14 22:06:33,695 - INFO - Endpoint /qomplnt/qomplntqr executed in 0.01396 seconds
2024-01-14 22:09:09,966 - INFO - Endpoint /qomplnt/qomplntqr executed in 0.10238 seconds
2024-01-14 22:09:12,743 - INFO - Endpoint /qomplnt/qomplntqr executed in 0.01496 seconds
2024-01-14 22:09:25,117 - INFO - Endpoint /qomplnt/qomplntqr executed in 0.01396 seconds
2024-01-14 22:09:37,778 - INFO - Endpoint /qomplnt/qomplntqr executed in 0.01396 seconds
2024-01-14 22:10:30,342 - INFO - Endpoint /qomplnt/b2btenant executed in 0.00797 seconds
2024-01-14 22:10:39,033 - INFO - Endpoint /qomplnt/b2btenant executed in 0.01297 seconds
2024-01-14 22:11:54,585 - INFO - Endpoint /qomplnt/b2btenant executed in 0.00798 seconds
2024-01-14 22:22:07,065 - INFO - Endpoint /qomplnt/b2btenant executed in 0.11046 seconds
2024-01-14 22:35:35,325 - INFO - Endpoint /qomplnt/qomplntqr executed in 0.22457 seconds
2024-01-14 22:35:38,369 - INFO - Endpoint /qomplnt/qomplntqr executed in 0.00997 seconds
2024-01-14 22:35:40,266 - INFO - Endpoint /qomplnt/qomplntqr executed in 0.01296 seconds
2024-01-14 22:35:41,175 - INFO - Endpoint /qomplnt/qomplntqr executed in 0.01197 seconds
2024-01-14 22:35:41,965 - INFO - Endpoint /qomplnt/qomplntqr executed in 0.01097 seconds
2024-01-14 22:36:09,531 - INFO - Endpoint /qomplnt/qomplntqr executed in 0.01097 seconds
2024-01-14 22:38:47,477 - INFO - Endpoint /qomplnt/qomplntqr executed in 0.10572 seconds
2024-01-14 22:40:18,607 - INFO - Endpoint /qomplnt/qomplntqr executed in 0.11122 seconds
2024-01-14 22:40:36,468 - INFO - Endpoint /qomplnt/qomplntqr executed in 0.01197 seconds
2024-01-14 22:40:37,398 - INFO - Endpoint /qomplnt/qomplntqr executed in 0.00997 seconds
2024-01-14 22:41:22,537 - INFO - Endpoint /qomplnt/qomplntqr executed in 0.05482 seconds
2024-01-14 22:41:54,318 - INFO - Endpoint /qomplnt/qomplntqr executed in 0.01795 seconds
2024-01-14 22:41:54,498 - INFO - Endpoint /qomplnt/qomplntqr executed in 0.01496 seconds
2024-01-14 22:41:54,672 - INFO - Endpoint /qomplnt/qomplntqr executed in 0.01396 seconds
2024-01-14 22:41:54,862 - INFO - Endpoint /qomplnt/qomplntqr executed in 0.01596 seconds
2024-01-14 22:41:55,047 - INFO - Endpoint /qomplnt/qomplntqr executed in 0.01496 seconds
2024-01-14 22:41:55,267 - INFO - Endpoint /qomplnt/qomplntqr executed in 0.01596 seconds
2024-01-14 22:43:42,244 - INFO - Endpoint /qomplnt/qomplntqr executed in 0.01696 seconds
2024-01-14 22:43:46,473 - INFO - Endpoint /qomplnt/qomplntqr executed in 0.06671 seconds
2024-01-14 22:44:32,745 - INFO - Endpoint /qomplnt/qomplntqr executed in 0.01197 seconds
2024-01-14 22:44:32,939 - INFO - Endpoint /qomplnt/qomplntqr executed in 0.01197 seconds
2024-01-14 22:44:33,169 - INFO - Endpoint /qomplnt/qomplntqr executed in 0.00997 seconds
2024-01-14 22:44:33,327 - INFO - Endpoint /qomplnt/qomplntqr executed in 0.01197 seconds
2024-01-14 22:44:33,496 - INFO - Endpoint /qomplnt/qomplntqr executed in 0.01196 seconds
2024-01-14 22:44:33,705 - INFO - Endpoint /qomplnt/qomplntqr executed in 0.01197 seconds
2024-01-14 22:47:57,792 - INFO - Endpoint /qomplnt/qomplntqr executed in 0.01197 seconds
2024-01-14 22:49:27,025 - INFO - Endpoint /qomplnt/qomplntqr executed in 0.03555 seconds
2024-01-14 22:50:50,626 - INFO - Endpoint /qomplnt/qomplntqr executed in 0.01097 seconds
2024-01-14 22:52:06,978 - INFO - Endpoint /qomplnt/qomplntqr executed in 0.00798 seconds
2024-01-14 22:53:40,952 - INFO - Endpoint /qomplnt/qomplntqr executed in 0.12581 seconds
2024-01-14 22:53:54,467 - INFO - Endpoint /qomplnt/qomplntqr executed in 0.01197 seconds
2024-01-14 22:54:17,451 - INFO - Endpoint /qomplnt/qomplntqr executed in 0.01097 seconds
2024-01-14 22:54:26,608 - INFO - Endpoint /qomplnt/qomplntqr executed in 0.06326 seconds
2024-01-14 22:54:33,699 - INFO - Endpoint /qomplnt/qomplntqr executed in 0.01197 seconds
2024-01-15 09:25:48,677 - INFO - Endpoint /docs executed in 0.00099 seconds
2024-01-15 09:25:51,436 - INFO - Endpoint /openapi.json executed in 0.09175 seconds
2024-01-15 09:26:27,076 - INFO - Endpoint /qomplnt/b2btenant executed in 0.36116 seconds
2024-01-16 12:09:50,715 - INFO - Endpoint /docs executed in 0.00100 seconds
2024-01-16 12:09:52,540 - INFO - Endpoint /openapi.json executed in 0.10409 seconds
2024-01-16 12:11:21,766 - INFO - Endpoint /qomplnt/location executed in 0.29890 seconds
2024-01-16 12:11:44,685 - INFO - Endpoint /qomplnt/location executed in 0.00194 seconds
2024-01-16 12:12:27,662 - INFO - Endpoint /qomplnt/location executed in 0.14724 seconds
2024-01-16 12:12:35,956 - INFO - Endpoint /qomplnt/location executed in 0.00628 seconds
2024-01-16 12:12:46,157 - INFO - Endpoint /qomplnt/location executed in 0.02134 seconds
2024-01-16 12:14:42,413 - INFO - Endpoint /docs executed in 0.00101 seconds
2024-01-16 12:14:56,047 - INFO - Endpoint /qomplnt/create_location_qomplnt_location_post executed in 0.00100 seconds
2024-01-16 12:15:08,208 - INFO - Endpoint /docs executed in 0.00000 seconds
2024-01-16 12:15:20,669 - INFO - Endpoint /docs executed in 0.00100 seconds
2024-01-16 12:15:22,823 - INFO - Endpoint /docs executed in 0.00000 seconds
2024-01-16 12:20:37,789 - INFO - Endpoint /qomplnt/location executed in 0.15075 seconds
2024-01-16 12:21:31,695 - INFO - Endpoint /qomplnt/location executed in 0.12772 seconds
2024-01-16 12:21:33,030 - INFO - Endpoint /qomplnt/location executed in 0.01261 seconds
2024-01-16 12:21:34,244 - INFO - Endpoint /qomplnt/location executed in 0.01000 seconds
2024-01-16 12:21:35,453 - INFO - Endpoint /qomplnt/location executed in 0.00997 seconds
2024-01-16 12:21:36,596 - INFO - Endpoint /qomplnt/location executed in 0.01496 seconds
2024-01-16 12:21:37,778 - INFO - Endpoint /qomplnt/location executed in 0.06648 seconds
2024-01-16 12:21:53,389 - INFO - Endpoint /qomplnt/location executed in 0.01432 seconds
2024-01-16 12:21:55,429 - INFO - Endpoint /qomplnt/location executed in 0.01173 seconds
2024-01-16 12:22:14,322 - INFO - Endpoint /qomplnt/location executed in 0.01296 seconds
2024-01-16 12:22:15,882 - INFO - Endpoint /qomplnt/location executed in 0.01267 seconds
2024-01-16 12:22:17,314 - INFO - Endpoint /qomplnt/location executed in 0.04971 seconds
2024-01-16 12:22:18,486 - INFO - Endpoint /qomplnt/location executed in 0.01170 seconds
2024-01-16 12:22:19,704 - INFO - Endpoint /qomplnt/location executed in 0.01141 seconds
2024-01-16 12:22:20,778 - INFO - Endpoint /qomplnt/location executed in 0.01146 seconds
2024-01-16 12:22:21,842 - INFO - Endpoint /qomplnt/location executed in 0.01139 seconds
2024-01-16 12:22:22,961 - INFO - Endpoint /qomplnt/location executed in 0.01078 seconds
2024-01-16 12:22:23,923 - INFO - Endpoint /qomplnt/location executed in 0.01171 seconds
2024-01-16 12:22:25,053 - INFO - Endpoint /qomplnt/location executed in 0.01109 seconds
2024-01-16 12:22:26,090 - INFO - Endpoint /qomplnt/location executed in 0.01224 seconds
2024-01-16 12:22:27,214 - INFO - Endpoint /qomplnt/location executed in 0.01290 seconds
2024-01-16 12:22:28,230 - INFO - Endpoint /qomplnt/location executed in 0.01496 seconds
2024-01-16 12:22:29,188 - INFO - Endpoint /qomplnt/location executed in 0.01157 seconds
2024-01-16 12:22:30,649 - INFO - Endpoint /qomplnt/location executed in 0.10866 seconds
2024-01-16 12:22:33,800 - INFO - Endpoint /qomplnt/location executed in 0.01272 seconds
2024-01-16 12:22:34,543 - INFO - Endpoint /qomplnt/location executed in 0.01621 seconds
2024-01-16 12:22:35,117 - INFO - Endpoint /qomplnt/location executed in 0.01598 seconds
2024-01-16 12:22:44,761 - INFO - Endpoint /qomplnt/location executed in 0.01396 seconds
2024-01-16 12:22:46,081 - INFO - Endpoint /qomplnt/location executed in 0.01522 seconds
2024-01-16 12:24:21,028 - INFO - Endpoint /qomplnt/location executed in 0.01197 seconds
2024-01-16 12:24:22,934 - INFO - Endpoint /qomplnt/location executed in 0.01202 seconds
2024-01-16 12:24:24,218 - INFO - Endpoint /qomplnt/location executed in 0.01120 seconds
2024-01-16 12:24:32,384 - INFO - Endpoint /qomplnt/location executed in 0.00883 seconds
2024-01-16 12:24:50,510 - INFO - Endpoint /qomplnt/location executed in 0.01627 seconds
2024-01-16 12:25:23,234 - INFO - Endpoint /qomplnt/location executed in 0.01215 seconds
2024-01-16 12:25:29,697 - INFO - Endpoint /qomplnt/location executed in 0.01293 seconds
2024-01-16 12:25:32,363 - INFO - Endpoint /qomplnt/location executed in 0.01376 seconds
2024-01-16 12:25:33,044 - INFO - Endpoint /qomplnt/location executed in 0.01209 seconds
2024-01-16 12:25:34,008 - INFO - Endpoint /qomplnt/location executed in 0.01169 seconds
2024-01-16 12:25:34,771 - INFO - Endpoint /qomplnt/location executed in 0.01095 seconds
2024-01-16 12:25:35,591 - INFO - Endpoint /qomplnt/location executed in 0.01334 seconds
2024-01-16 12:25:36,541 - INFO - Endpoint /qomplnt/location executed in 0.00997 seconds
2024-01-16 12:25:37,228 - INFO - Endpoint /qomplnt/location executed in 0.01322 seconds
2024-01-16 12:25:38,068 - INFO - Endpoint /qomplnt/location executed in 0.01136 seconds
2024-01-16 12:25:38,873 - INFO - Endpoint /qomplnt/location executed in 0.00961 seconds
2024-01-16 12:25:39,635 - INFO - Endpoint /qomplnt/location executed in 0.01112 seconds
2024-01-16 12:25:40,399 - INFO - Endpoint /qomplnt/location executed in 0.01394 seconds
2024-01-16 12:25:41,177 - INFO - Endpoint /qomplnt/location executed in 0.01263 seconds
2024-01-16 12:25:41,958 - INFO - Endpoint /qomplnt/location executed in 0.00979 seconds
2024-01-16 12:25:42,748 - INFO - Endpoint /qomplnt/location executed in 0.01196 seconds
2024-01-16 12:25:43,502 - INFO - Endpoint /qomplnt/location executed in 0.00909 seconds
2024-01-16 12:27:24,503 - INFO - Endpoint /qomplnt/b2btenant executed in 0.49174 seconds
2024-01-16 12:28:58,115 - INFO - Endpoint /qomplnt/b2btenant executed in 0.02149 seconds
2024-01-16 12:29:32,795 - INFO - Endpoint /qomplnt/b2btenant executed in 0.01410 seconds
2024-01-16 12:29:43,353 - INFO - Endpoint /qomplnt/b2btenant executed in 0.01795 seconds
2024-01-16 12:29:52,988 - INFO - Endpoint /qomplnt/b2btenant executed in 0.01573 seconds
2024-01-16 12:30:02,980 - INFO - Endpoint /qomplnt/b2btenant executed in 0.01437 seconds
2024-01-16 12:30:09,993 - INFO - Endpoint /qomplnt/b2btenant executed in 0.01368 seconds
2024-01-16 12:30:18,674 - INFO - Endpoint /qomplnt/b2btenant executed in 0.01500 seconds
2024-01-16 12:30:27,552 - INFO - Endpoint /qomplnt/b2btenant executed in 0.01614 seconds
2024-01-16 12:30:29,153 - INFO - Endpoint /qomplnt/b2btenant executed in 0.01578 seconds
2024-01-16 12:31:12,163 - INFO - Endpoint /qomplnt/b2btenant executed in 0.02428 seconds
2024-01-16 12:31:19,835 - INFO - Endpoint /qomplnt/b2btenant executed in 0.04189 seconds
2024-01-16 12:31:29,342 - INFO - Endpoint /qomplnt/b2btenant executed in 0.01510 seconds
2024-01-16 12:31:36,339 - INFO - Endpoint /qomplnt/b2btenant executed in 0.01381 seconds
2024-01-16 12:31:47,468 - INFO - Endpoint /qomplnt/b2btenant executed in 0.01714 seconds
2024-01-16 12:32:23,452 - INFO - Endpoint /qomplnt/b2btenant executed in 0.01593 seconds
2024-01-16 12:32:25,053 - INFO - Endpoint /qomplnt/b2btenant executed in 0.01631 seconds
2024-01-16 12:32:26,275 - INFO - Endpoint /qomplnt/b2btenant executed in 0.03169 seconds
2024-01-16 12:32:27,486 - INFO - Endpoint /qomplnt/b2btenant executed in 0.01135 seconds
2024-01-16 12:33:42,332 - INFO - Endpoint /qomplnt/b2btenant executed in 0.01511 seconds
2024-01-16 12:33:43,690 - INFO - Endpoint /qomplnt/b2btenant executed in 0.01280 seconds
2024-01-16 12:33:44,929 - INFO - Endpoint /qomplnt/b2btenant executed in 0.01195 seconds
2024-01-16 12:33:46,616 - INFO - Endpoint /qomplnt/b2btenant executed in 0.01836 seconds
2024-01-16 12:33:47,832 - INFO - Endpoint /qomplnt/b2btenant executed in 0.02992 seconds
2024-01-16 12:33:49,626 - INFO - Endpoint /qomplnt/b2btenant executed in 0.01563 seconds
2024-01-16 12:33:50,942 - INFO - Endpoint /qomplnt/b2btenant executed in 0.01326 seconds
2024-01-16 12:33:52,166 - INFO - Endpoint /qomplnt/b2btenant executed in 0.01392 seconds
2024-01-16 12:33:53,451 - INFO - Endpoint /qomplnt/b2btenant executed in 0.02404 seconds
2024-01-16 12:33:56,353 - INFO - Endpoint /qomplnt/b2btenant executed in 0.01650 seconds
2024-01-16 12:33:57,718 - INFO - Endpoint /qomplnt/b2btenant executed in 0.01360 seconds
2024-01-16 12:34:05,394 - INFO - Endpoint /qomplnt/b2btenant executed in 0.01350 seconds
2024-01-16 12:34:06,629 - INFO - Endpoint /qomplnt/b2btenant executed in 0.01491 seconds
2024-01-16 12:34:07,874 - INFO - Endpoint /qomplnt/b2btenant executed in 0.01946 seconds
2024-01-16 12:34:09,024 - INFO - Endpoint /qomplnt/b2btenant executed in 0.01271 seconds
2024-01-16 12:34:10,294 - INFO - Endpoint /qomplnt/b2btenant executed in 0.01330 seconds
2024-01-16 12:34:16,806 - INFO - Endpoint /qomplnt/b2btenant executed in 0.01695 seconds
2024-01-16 12:34:17,968 - INFO - Endpoint /qomplnt/b2btenant executed in 0.01236 seconds
2024-01-16 12:34:19,295 - INFO - Endpoint /qomplnt/b2btenant executed in 0.01565 seconds
2024-01-16 12:34:20,828 - INFO - Endpoint /qomplnt/b2btenant executed in 0.01600 seconds
2024-01-16 12:35:08,936 - INFO - Endpoint /qomplnt/b2btenant executed in 0.41992 seconds
2024-01-16 12:35:20,279 - INFO - Endpoint /qomplnt/b2btenant executed in 0.01181 seconds
2024-01-16 12:35:37,975 - INFO - Endpoint /qomplnt/b2btenant executed in 0.00849 seconds
2024-01-16 12:37:01,684 - INFO - Endpoint /qomplnt/b2btenant executed in 0.01339 seconds
2024-01-16 12:37:59,020 - INFO - Endpoint /qomplnt/b2btenant executed in 0.01244 seconds
2024-01-16 12:39:08,558 - INFO - Endpoint /qomplnt/b2btenant executed in 0.01073 seconds
2024-01-16 12:57:20,605 - INFO - Endpoint /qomplnt/b2btenant executed in 0.13555 seconds
2024-01-16 13:06:38,962 - INFO - Endpoint /qomplnt/qomplntqr executed in 0.15789 seconds
2024-01-16 13:38:10,761 - INFO - Endpoint /qomplnt/city executed in 0.15283 seconds
2024-01-16 13:42:40,103 - INFO - Endpoint /qomplnt/mltext executed in 0.02560 seconds
2024-01-16 15:00:40,592 - INFO - Endpoint /qomplnt/mltext executed in 0.54254 seconds
2024-01-16 15:01:26,539 - INFO - Endpoint /qomplnt/mltext executed in 0.02502 seconds
2024-01-16 15:01:46,187 - INFO - Endpoint /qomplnt/mltext executed in 0.01918 seconds
2024-01-16 15:01:59,914 - INFO - Endpoint /qomplnt/mltext executed in 0.01297 seconds
2024-01-16 15:03:44,712 - INFO - Endpoint /qomplnt/mltext executed in 0.06868 seconds
2024-01-16 15:04:22,218 - INFO - Endpoint /qomplnt/location executed in 0.15473 seconds
2024-01-16 15:04:40,357 - INFO - Endpoint /qomplnt/location executed in 0.02600 seconds
2024-01-16 15:04:59,529 - INFO - Endpoint /qomplnt/location executed in 0.01760 seconds
2024-01-16 15:06:39,248 - INFO - Endpoint /qomplnt/b2btenant executed in 0.07376 seconds
2024-01-16 15:06:51,241 - INFO - Endpoint /qomplnt/b2btenant executed in 0.02589 seconds
2024-01-16 15:07:08,142 - INFO - Endpoint /qomplnt/b2btenant executed in 0.01746 seconds
2024-01-16 15:09:18,970 - INFO - Endpoint /qomplnt/qomplntqr executed in 0.44259 seconds
2024-01-16 15:10:41,393 - INFO - Endpoint /qomplnt/location executed in 0.00799 seconds
2024-01-16 15:11:11,340 - INFO - Endpoint /qomplnt/qomplntqr executed in 0.01721 seconds
2024-01-16 15:11:38,064 - INFO - Endpoint /qomplnt/qomplntqr executed in 0.00299 seconds
2024-01-16 15:11:49,569 - INFO - Endpoint /qomplnt/qomplntqr executed in 0.06374 seconds
2024-01-16 15:12:57,163 - INFO - Endpoint /qomplnt/location executed in 0.01396 seconds
2024-01-16 15:13:12,285 - INFO - Endpoint /qomplnt/location executed in 0.01680 seconds
2024-01-16 15:13:25,534 - INFO - Endpoint /qomplnt/location executed in 0.01795 seconds
2024-01-16 15:13:38,882 - INFO - Endpoint /qomplnt/location executed in 0.01995 seconds
2024-01-16 15:14:47,236 - INFO - Endpoint /qomplnt/location executed in 0.01581 seconds
2024-01-16 15:15:01,304 - INFO - Endpoint /qomplnt/location executed in 0.01741 seconds
2024-01-16 15:15:39,987 - INFO - Endpoint /qomplnt/location executed in 0.01746 seconds
2024-01-16 15:15:51,543 - INFO - Endpoint /qomplnt/location executed in 0.01336 seconds
2024-01-16 15:16:02,527 - INFO - Endpoint /qomplnt/location executed in 0.01911 seconds
2024-01-16 15:16:21,627 - INFO - Endpoint /qomplnt/location executed in 0.01596 seconds
2024-01-16 15:16:41,396 - INFO - Endpoint /qomplnt/location executed in 0.02167 seconds
2024-01-16 15:16:57,979 - INFO - Endpoint /qomplnt/location executed in 0.01986 seconds
2024-01-16 15:17:16,853 - INFO - Endpoint /qomplnt/location executed in 0.01633 seconds
2024-01-16 15:17:28,780 - INFO - Endpoint /qomplnt/location executed in 0.01409 seconds
2024-01-16 15:17:50,007 - INFO - Endpoint /qomplnt/location executed in 0.01500 seconds
2024-01-16 15:18:13,905 - INFO - Endpoint /qomplnt/location executed in 0.02493 seconds
2024-01-16 15:18:55,415 - INFO - Endpoint /qomplnt/location executed in 0.01951 seconds
2024-01-16 15:19:16,216 - INFO - Endpoint /qomplnt/location executed in 0.01687 seconds
2024-01-16 15:19:29,210 - INFO - Endpoint /qomplnt/location executed in 0.01781 seconds
2024-01-16 15:20:02,448 - INFO - Endpoint /qomplnt/location executed in 0.01396 seconds
2024-01-16 15:20:16,197 - INFO - Endpoint /qomplnt/location executed in 0.01507 seconds
2024-01-16 15:20:24,904 - INFO - Endpoint /qomplnt/location executed in 0.01995 seconds
2024-01-16 15:20:51,007 - INFO - Endpoint /qomplnt/location executed in 0.01852 seconds
2024-01-16 15:21:01,197 - INFO - Endpoint /qomplnt/location executed in 0.01747 seconds
2024-01-16 15:21:10,937 - INFO - Endpoint /qomplnt/location executed in 0.01701 seconds
2024-01-16 15:21:21,844 - INFO - Endpoint /qomplnt/location executed in 0.01816 seconds
2024-01-16 15:21:33,800 - INFO - Endpoint /qomplnt/location executed in 0.01451 seconds
2024-01-16 15:21:50,438 - INFO - Endpoint /qomplnt/location executed in 0.01296 seconds
2024-01-16 15:22:01,192 - INFO - Endpoint /qomplnt/location executed in 0.01595 seconds
2024-01-16 15:22:12,054 - INFO - Endpoint /qomplnt/location executed in 0.01995 seconds
2024-01-16 15:22:22,086 - INFO - Endpoint /qomplnt/location executed in 0.01478 seconds
2024-01-16 15:23:06,518 - INFO - Endpoint /qomplnt/location executed in 0.01616 seconds
2024-01-16 15:23:33,344 - INFO - Endpoint /qomplnt/location executed in 0.01661 seconds
2024-01-16 15:23:42,864 - INFO - Endpoint /qomplnt/location executed in 0.01994 seconds
2024-01-16 15:24:04,681 - INFO - Endpoint /qomplnt/location executed in 0.01532 seconds
2024-01-16 15:24:14,721 - INFO - Endpoint /qomplnt/location executed in 0.01307 seconds
2024-01-16 15:24:30,423 - INFO - Endpoint /qomplnt/location executed in 0.01751 seconds
2024-01-16 15:24:46,180 - INFO - Endpoint /qomplnt/location executed in 0.02477 seconds
2024-01-16 15:24:59,281 - INFO - Endpoint /qomplnt/location executed in 0.02636 seconds
2024-01-16 15:25:12,519 - INFO - Endpoint /qomplnt/location executed in 0.01563 seconds
2024-01-16 15:25:22,295 - INFO - Endpoint /qomplnt/location executed in 0.02389 seconds
2024-01-16 15:25:42,360 - INFO - Endpoint /qomplnt/location executed in 0.01546 seconds
2024-01-16 15:25:54,256 - INFO - Endpoint /qomplnt/location executed in 0.01675 seconds
2024-01-16 15:26:10,244 - INFO - Endpoint /qomplnt/location executed in 0.01710 seconds
2024-01-16 15:26:21,716 - INFO - Endpoint /qomplnt/location executed in 0.01296 seconds
2024-01-16 15:26:38,363 - INFO - Endpoint /qomplnt/location executed in 0.01550 seconds
2024-01-16 15:26:50,883 - INFO - Endpoint /qomplnt/location executed in 0.02355 seconds
2024-01-16 15:28:22,389 - INFO - Endpoint /qomplnt/b2btenant executed in 0.02340 seconds
2024-01-16 15:28:34,452 - INFO - Endpoint /qomplnt/b2btenant executed in 0.01496 seconds
2024-01-16 15:28:46,549 - INFO - Endpoint /qomplnt/b2btenant executed in 0.01863 seconds
2024-01-16 15:28:57,687 - INFO - Endpoint /qomplnt/b2btenant executed in 0.01895 seconds
2024-01-16 15:29:15,857 - INFO - Endpoint /qomplnt/b2btenant executed in 0.01946 seconds
2024-01-16 15:29:26,123 - INFO - Endpoint /qomplnt/b2btenant executed in 0.02094 seconds
2024-01-16 15:29:48,812 - INFO - Endpoint /qomplnt/b2btenant executed in 0.01724 seconds
2024-01-16 15:30:03,933 - INFO - Endpoint /qomplnt/b2btenant executed in 0.02993 seconds
2024-01-16 15:30:20,115 - INFO - Endpoint /qomplnt/b2btenant executed in 0.02394 seconds
2024-01-16 15:30:30,833 - INFO - Endpoint /qomplnt/b2btenant executed in 0.01496 seconds
2024-01-16 15:30:43,027 - INFO - Endpoint /qomplnt/b2btenant executed in 0.01633 seconds
2024-01-16 15:31:04,971 - INFO - Endpoint /qomplnt/b2btenant executed in 0.02183 seconds
2024-01-16 15:31:15,532 - INFO - Endpoint /qomplnt/b2btenant executed in 0.01696 seconds
2024-01-16 15:31:26,581 - INFO - Endpoint /qomplnt/b2btenant executed in 0.01743 seconds
2024-01-16 15:31:39,964 - INFO - Endpoint /qomplnt/b2btenant executed in 0.02407 seconds
2024-01-16 15:31:55,102 - INFO - Endpoint /qomplnt/b2btenant executed in 0.01596 seconds
2024-01-16 15:32:06,657 - INFO - Endpoint /qomplnt/b2btenant executed in 0.01747 seconds
2024-01-16 15:32:17,011 - INFO - Endpoint /qomplnt/b2btenant executed in 0.01528 seconds
2024-01-16 15:32:29,503 - INFO - Endpoint /qomplnt/b2btenant executed in 0.01588 seconds
2024-01-16 15:32:41,661 - INFO - Endpoint /qomplnt/b2btenant executed in 0.01782 seconds
2024-01-16 15:32:51,334 - INFO - Endpoint /qomplnt/b2btenant executed in 0.02394 seconds
2024-01-16 15:33:01,293 - INFO - Endpoint /qomplnt/b2btenant executed in 0.02454 seconds
2024-01-16 15:33:09,079 - INFO - Endpoint /qomplnt/b2btenant executed in 0.02194 seconds
2024-01-16 15:33:24,728 - INFO - Endpoint /qomplnt/b2btenant executed in 0.01696 seconds
2024-01-16 15:33:36,904 - INFO - Endpoint /qomplnt/b2btenant executed in 0.01968 seconds
2024-01-16 15:33:44,446 - INFO - Endpoint /qomplnt/b2btenant executed in 0.01439 seconds
2024-01-16 15:34:03,285 - INFO - Endpoint /qomplnt/b2btenant executed in 0.02194 seconds
2024-01-16 15:34:15,991 - INFO - Endpoint /qomplnt/b2btenant executed in 0.02339 seconds
2024-01-16 15:34:33,880 - INFO - Endpoint /qomplnt/b2btenant executed in 0.02003 seconds
2024-01-16 15:34:49,737 - INFO - Endpoint /qomplnt/b2btenant executed in 0.01596 seconds
2024-01-16 15:35:01,363 - INFO - Endpoint /qomplnt/b2btenant executed in 0.01980 seconds
2024-01-16 15:35:16,513 - INFO - Endpoint /qomplnt/b2btenant executed in 0.01827 seconds
2024-01-16 15:35:27,303 - INFO - Endpoint /qomplnt/b2btenant executed in 0.03207 seconds
2024-01-16 15:35:50,030 - INFO - Endpoint /qomplnt/b2btenant executed in 0.01876 seconds
2024-01-16 15:37:28,621 - INFO - Endpoint /qomplnt/b2btenant executed in 0.01596 seconds
2024-01-16 15:37:49,063 - INFO - Endpoint /qomplnt/b2btenant executed in 0.01752 seconds
2024-01-16 15:38:01,961 - INFO - Endpoint /qomplnt/b2btenant executed in 0.02635 seconds
2024-01-16 15:38:11,191 - INFO - Endpoint /qomplnt/b2btenant executed in 0.02800 seconds
2024-01-16 15:39:14,809 - INFO - Endpoint /qomplnt/b2btenant executed in 0.02030 seconds
2024-01-16 15:39:35,804 - INFO - Endpoint /qomplnt/b2btenant executed in 0.01783 seconds
2024-01-16 15:39:46,124 - INFO - Endpoint /qomplnt/b2btenant executed in 0.01448 seconds
2024-01-16 15:39:58,596 - INFO - Endpoint /qomplnt/b2btenant executed in 0.02207 seconds
2024-01-16 15:40:48,616 - INFO - Endpoint /qomplnt/b2btenant executed in 0.01795 seconds
2024-01-16 15:40:58,299 - INFO - Endpoint /qomplnt/b2btenant executed in 0.02160 seconds
2024-01-16 15:41:08,236 - INFO - Endpoint /qomplnt/b2btenant executed in 0.02633 seconds
2024-01-16 15:41:23,265 - INFO - Endpoint /qomplnt/b2btenant executed in 0.01496 seconds
2024-01-16 15:41:31,930 - INFO - Endpoint /qomplnt/b2btenant executed in 0.02098 seconds
2024-01-16 15:41:43,200 - INFO - Endpoint /qomplnt/b2btenant executed in 0.02094 seconds
2024-01-16 15:43:17,786 - INFO - Endpoint /qomplnt/qomplntqr executed in 0.01895 seconds
2024-01-16 15:43:27,762 - INFO - Endpoint /qomplnt/qomplntqr executed in 0.00698 seconds
2024-01-16 15:44:53,808 - INFO - Endpoint /qomplnt/qomplntqr executed in 0.00499 seconds
2024-01-16 15:46:21,878 - INFO - Endpoint /qomplnt/qomplntqr executed in 0.02683 seconds
2024-01-16 15:46:41,593 - INFO - Endpoint /qomplnt/qomplntqr executed in 0.02294 seconds
2024-01-16 15:47:00,640 - INFO - Endpoint /qomplnt/qomplntqr executed in 0.02094 seconds
2024-01-16 15:47:18,200 - INFO - Endpoint /qomplnt/qomplntqr executed in 0.02282 seconds
2024-01-16 15:47:30,697 - INFO - Endpoint /qomplnt/qomplntqr executed in 0.01503 seconds
2024-01-16 15:47:40,077 - INFO - Endpoint /qomplnt/qomplntqr executed in 0.01898 seconds
2024-01-16 15:47:52,213 - INFO - Endpoint /qomplnt/qomplntqr executed in 0.02294 seconds
2024-01-16 15:48:08,652 - INFO - Endpoint /qomplnt/qomplntqr executed in 0.02652 seconds
2024-01-16 15:48:46,900 - INFO - Endpoint /qomplnt/qomplntqr executed in 0.02922 seconds
2024-01-16 15:48:58,461 - INFO - Endpoint /qomplnt/qomplntqr executed in 0.02006 seconds
2024-01-16 15:49:08,290 - INFO - Endpoint /qomplnt/qomplntqr executed in 0.01999 seconds
2024-01-16 15:49:18,146 - INFO - Endpoint /qomplnt/qomplntqr executed in 0.02008 seconds
2024-01-16 15:49:26,509 - INFO - Endpoint /qomplnt/qomplntqr executed in 0.03690 seconds
2024-01-16 15:49:42,992 - INFO - Endpoint /qomplnt/qomplntqr executed in 0.01995 seconds
2024-01-16 15:49:52,227 - INFO - Endpoint /qomplnt/qomplntqr executed in 0.01795 seconds
2024-01-16 15:50:04,901 - INFO - Endpoint /qomplnt/qomplntqr executed in 0.01995 seconds
2024-01-16 15:50:22,537 - INFO - Endpoint /qomplnt/qomplntqr executed in 0.01966 seconds
2024-01-16 15:50:35,920 - INFO - Endpoint /qomplnt/qomplntqr executed in 0.03290 seconds
2024-01-16 15:50:46,434 - INFO - Endpoint /qomplnt/qomplntqr executed in 0.03579 seconds
2024-01-16 15:50:58,576 - INFO - Endpoint /qomplnt/qomplntqr executed in 0.02193 seconds
2024-01-16 15:51:08,858 - INFO - Endpoint /qomplnt/qomplntqr executed in 0.02512 seconds
2024-01-16 15:51:18,818 - INFO - Endpoint /qomplnt/qomplntqr executed in 0.01697 seconds
2024-01-16 15:51:27,916 - INFO - Endpoint /qomplnt/qomplntqr executed in 0.02158 seconds
2024-01-16 15:51:44,527 - INFO - Endpoint /qomplnt/qomplntqr executed in 0.02948 seconds
2024-01-16 15:51:55,319 - INFO - Endpoint /qomplnt/qomplntqr executed in 0.02703 seconds
2024-01-16 15:52:05,071 - INFO - Endpoint /qomplnt/qomplntqr executed in 0.02243 seconds
2024-01-16 15:52:21,613 - INFO - Endpoint /qomplnt/qomplntqr executed in 0.01844 seconds
2024-01-16 15:52:39,267 - INFO - Endpoint /qomplnt/qomplntqr executed in 0.01680 seconds
2024-01-16 15:52:52,147 - INFO - Endpoint /qomplnt/qomplntqr executed in 0.02123 seconds
2024-01-16 15:53:06,141 - INFO - Endpoint /qomplnt/qomplntqr executed in 0.01636 seconds
2024-01-16 15:53:14,812 - INFO - Endpoint /qomplnt/qomplntqr executed in 0.02593 seconds
2024-01-16 15:53:25,573 - INFO - Endpoint /qomplnt/qomplntqr executed in 0.02632 seconds
2024-01-16 15:53:33,834 - INFO - Endpoint /qomplnt/qomplntqr executed in 0.02699 seconds
2024-01-16 15:53:56,004 - INFO - Endpoint /qomplnt/qomplntqr executed in 0.01906 seconds
2024-01-16 15:54:05,555 - INFO - Endpoint /qomplnt/qomplntqr executed in 0.01752 seconds
2024-01-16 15:54:13,720 - INFO - Endpoint /qomplnt/qomplntqr executed in 0.02474 seconds
2024-01-16 15:54:22,243 - INFO - Endpoint /qomplnt/qomplntqr executed in 0.03208 seconds
2024-01-16 15:54:32,665 - INFO - Endpoint /qomplnt/qomplntqr executed in 0.02740 seconds
2024-01-16 15:54:42,890 - INFO - Endpoint /qomplnt/qomplntqr executed in 0.02080 seconds
2024-01-16 15:54:51,663 - INFO - Endpoint /qomplnt/qomplntqr executed in 0.06181 seconds
2024-01-16 15:55:00,107 - INFO - Endpoint /qomplnt/qomplntqr executed in 0.02130 seconds
2024-01-16 15:55:10,381 - INFO - Endpoint /qomplnt/qomplntqr executed in 0.03675 seconds
2024-01-16 15:55:20,557 - INFO - Endpoint /qomplnt/qomplntqr executed in 0.02400 seconds
2024-01-16 15:55:30,150 - INFO - Endpoint /qomplnt/qomplntqr executed in 0.02100 seconds
2024-01-16 15:55:39,636 - INFO - Endpoint /qomplnt/qomplntqr executed in 0.01895 seconds
2024-01-16 15:55:48,561 - INFO - Endpoint /qomplnt/qomplntqr executed in 0.02163 seconds
2024-01-16 15:55:56,790 - INFO - Endpoint /qomplnt/qomplntqr executed in 0.02195 seconds
2024-01-16 15:56:06,450 - INFO - Endpoint /qomplnt/qomplntqr executed in 0.02532 seconds
2024-01-16 15:56:31,625 - INFO - Endpoint /qomplnt/qomplntqr executed in 0.13852 seconds
2024-01-16 15:57:00,656 - INFO - Endpoint /qomplnt/qomplntqr executed in 0.01413 seconds
2024-01-16 15:57:27,164 - INFO - Endpoint /qomplnt/qomplntqr executed in 0.01057 seconds
2024-01-16 15:58:21,063 - INFO - Endpoint /qomplnt/qomplntqr executed in 0.01296 seconds
2024-01-16 15:58:52,770 - INFO - Endpoint /qomplnt/qomplntqr executed in 0.01348 seconds
2024-01-17 09:31:19,528 - INFO - Endpoint /qomplnt/qomplntqr executed in 0.91134 seconds
2024-01-17 09:31:33,713 - INFO - Endpoint /qomplnt/qomplntqr executed in 0.01975 seconds
2024-01-17 09:33:29,787 - INFO - Endpoint /qomplnt/qomplntqr executed in 0.56512 seconds
2024-01-17 09:33:35,566 - INFO - Endpoint /qomplnt/qomplntqr executed in 0.01496 seconds
2024-01-17 09:33:38,188 - INFO - Endpoint /qomplnt/qomplntqr executed in 0.01495 seconds
2024-01-17 09:34:42,985 - INFO - Endpoint /qomplnt/qomplntqr executed in 0.04785 seconds
2024-01-17 09:35:06,010 - INFO - Endpoint /qomplnt/qomplntqr executed in 0.02919 seconds
2024-01-17 09:48:00,948 - INFO - Endpoint /qomplnt/qomplntqr executed in 0.35927 seconds
2024-01-17 09:48:10,736 - INFO - Endpoint /qomplnt/qomplntqr executed in 0.24803 seconds
2024-01-17 09:48:14,390 - INFO - Endpoint /qomplnt/qomplntqr executed in 0.01895 seconds
2024-01-17 09:48:18,148 - INFO - Endpoint /qomplnt/qomplntqr executed in 0.02793 seconds
2024-01-17 09:48:20,878 - INFO - Endpoint /qomplnt/qomplntqr executed in 0.02195 seconds
2024-01-17 09:48:24,985 - INFO - Endpoint /qomplnt/qomplntqr executed in 0.01895 seconds
2024-01-17 09:48:56,207 - INFO - Endpoint /qomplnt/qomplntqr executed in 0.02992 seconds
2024-01-17 09:50:04,115 - INFO - Endpoint /qomplnt/qomplntqr executed in 0.01949 seconds
2024-01-20 10:20:17,203 - INFO - Endpoint /docs executed in 0.00100 seconds
2024-01-20 10:20:20,116 - INFO - Endpoint /openapi.json executed in 0.15508 seconds
2024-01-20 13:34:41,611 - INFO - Endpoint /docs executed in 0.06090 seconds
2024-01-20 13:34:43,880 - INFO - Endpoint /openapi.json executed in 0.01495 seconds
2024-01-20 13:34:45,968 - INFO - Endpoint /docs executed in 0.00100 seconds
2024-01-20 13:34:48,582 - INFO - Endpoint /openapi.json executed in 0.00503 seconds
2024-01-20 13:36:45,629 - INFO - Endpoint /qomplnt/qomplntqr executed in 1.37864 seconds
2024-01-20 14:28:39,119 - INFO - Endpoint /qomplnt/location executed in 0.73150 seconds
2024-01-21 21:49:26,875 - INFO - Endpoint /qomplnt/location executed in 0.24847 seconds
2024-01-22 09:46:42,062 - INFO - Endpoint /qomplnt/location executed in 0.54904 seconds
2024-01-22 09:48:24,179 - INFO - Endpoint /qomplnt/location executed in 0.08477 seconds
2024-01-22 09:55:16,306 - INFO - Endpoint /qomplnt/location executed in 0.81235 seconds
2024-01-23 10:59:35,403 - INFO - Endpoint /docs executed in 0.00199 seconds
2024-01-23 10:59:38,138 - INFO - Endpoint /openapi.json executed in 0.10082 seconds
2024-01-23 11:08:27,002 - INFO - Endpoint /docs executed in 0.08961 seconds
2024-01-23 11:08:29,889 - INFO - Endpoint /openapi.json executed in 0.04058 seconds
2024-01-23 11:12:57,737 - INFO - Endpoint /docs. executed in 0.27953 seconds
2024-01-23 11:13:01,393 - INFO - Endpoint /images/icons/gear.png executed in 0.00100 seconds
2024-01-23 11:13:01,618 - INFO - Endpoint /favicon.ico executed in 0.00000 seconds
2024-01-23 11:13:38,586 - INFO - Endpoint /docs. executed in 0.00246 seconds
2024-01-23 11:13:40,641 - INFO - Endpoint /images/icons/gear.png executed in 0.06714 seconds
2024-01-23 11:14:12,991 - INFO - Endpoint /docs executed in 0.05270 seconds
2024-01-23 11:14:14,417 - INFO - Endpoint /openapi.json executed in 0.06694 seconds
2024-01-23 11:18:26,810 - INFO - Endpoint /qomplnt/b2btenant executed in 2.96535 seconds
2024-01-23 11:53:27,845 - INFO - Endpoint /docs executed in 0.00100 seconds
2024-01-23 11:53:33,453 - INFO - Endpoint /openapi.json executed in 0.27128 seconds
2024-01-23 12:51:41,102 - INFO - Endpoint /qomplnt/location executed in 0.67978 seconds
2024-01-23 12:56:14,089 - INFO - Endpoint /qomplnt/location executed in 0.43932 seconds
2024-01-23 12:56:20,376 - INFO - Endpoint /qomplnt/location executed in 0.04487 seconds
2024-01-23 12:56:25,729 - INFO - Endpoint /qomplnt/location executed in 0.05071 seconds
2024-01-23 12:58:16,215 - INFO - Endpoint /qomplnt/location executed in 0.05103 seconds
2024-01-23 13:01:27,850 - INFO - Endpoint /docs executed in 0.02366 seconds
2024-01-23 13:01:38,347 - INFO - Endpoint /openapi.json executed in 0.56698 seconds
2024-01-23 13:14:20,229 - INFO - Endpoint /qomplnt/location executed in 0.22221 seconds
2024-01-23 13:21:28,985 - INFO - Endpoint /qomplnt/location executed in 0.07124 seconds
2024-01-23 13:24:32,136 - INFO - Endpoint /openapi.json executed in 0.48585 seconds
2024-01-23 14:08:19,621 - INFO - Endpoint /openapi.json executed in 0.04089 seconds
2024-01-23 14:15:14,155 - INFO - Endpoint / executed in 0.00000 seconds
2024-01-23 14:15:17,101 - INFO - Endpoint /images/icons/gear.png executed in 0.00000 seconds
2024-01-23 14:15:17,408 - INFO - Endpoint /favicon.ico executed in 0.00127 seconds
2024-01-23 14:15:47,184 - INFO - Endpoint /docs executed in 0.00200 seconds
2024-01-23 14:15:49,099 - INFO - Endpoint /openapi.json executed in 0.09818 seconds
2024-01-23 14:15:53,440 - INFO - Endpoint /docs executed in 0.00100 seconds
2024-01-23 14:15:54,367 - INFO - Endpoint /openapi.json executed in 0.00199 seconds
2024-01-23 14:18:24,883 - INFO - Endpoint /qomplnt/location executed in 0.61089 seconds
2024-01-23 14:20:27,032 - INFO - Endpoint /qomplnt/location executed in 0.06782 seconds
2024-01-23 14:30:28,615 - INFO - Endpoint /qomplnt/location executed in 0.06524 seconds
2024-01-23 14:40:30,397 - INFO - Endpoint /qomplnt/location executed in 0.28449 seconds
2024-01-23 14:46:58,831 - INFO - Endpoint /qomplnt/location executed in 0.36590 seconds
2024-01-23 14:48:16,961 - INFO - Endpoint /qomplnt/location executed in 0.02117 seconds
2024-01-23 14:48:18,516 - INFO - Endpoint /qomplnt/location executed in 0.01363 seconds
2024-01-23 19:18:12,555 - INFO - Endpoint /docs executed in 0.13478 seconds
2024-01-23 19:18:14,707 - INFO - Endpoint /docs executed in 0.00599 seconds
2024-01-23 19:18:17,695 - INFO - Endpoint /openapi.json executed in 0.64553 seconds
2024-01-23 19:31:09,591 - INFO - Endpoint /qomplnt/location executed in 0.30455 seconds
2024-01-23 19:34:57,837 - INFO - Endpoint /openapi.json executed in 0.36581 seconds
2024-01-24 09:11:39,652 - INFO - Endpoint /qomplnt/location executed in 1.35019 seconds
2024-01-24 09:12:08,118 - INFO - Endpoint /openapi.json executed in 0.01660 seconds
2024-01-24 09:18:08,326 - INFO - Endpoint /docs executed in 0.00808 seconds
2024-01-24 09:18:10,575 - INFO - Endpoint /openapi.json executed in 0.17165 seconds
2024-01-24 09:18:24,470 - INFO - Endpoint /qomplnt/location executed in 0.26592 seconds
